<?xml version="1.0" encoding="UTF-8"?>
<testsuite xmlns:xsi="http://www.w3.org/2001/XMLSchema-instance" xsi:noNamespaceSchemaLocation="https://maven.apache.org/surefire/maven-surefire-plugin/xsd/surefire-test-report.xsd" name="com.mycompany.hibernateproject.AppTest" time="0.031" tests="1" errors="0" skipped="0" failures="0">
  <properties>
    <property name="sun.desktop" value="gnome"/>
    <property name="awt.toolkit" value="sun.awt.X11.XToolkit"/>
    <property name="java.specification.version" value="11"/>
    <property name="sun.cpu.isalist" value=""/>
    <property name="sun.jnu.encoding" value="UTF-8"/>
    <property name="java.class.path" value="/home/c00ler/IdeaProjects/hibernateproject/target/test-classes:/home/c00ler/IdeaProjects/hibernateproject/target/classes:/home/c00ler/.m2/repository/junit/junit/4.11/junit-4.11.jar:/home/c00ler/.m2/repository/org/hamcrest/hamcrest-core/1.3/hamcrest-core-1.3.jar:/home/c00ler/.m2/repository/joda-time/joda-time/2.10.1/joda-time-2.10.1.jar:/home/c00ler/.m2/repository/javax/xml/bind/jaxb-api/2.2.11/jaxb-api-2.2.11.jar:/home/c00ler/.m2/repository/com/sun/xml/bind/jaxb-core/2.2.11/jaxb-core-2.2.11.jar:/home/c00ler/.m2/repository/com/sun/xml/bind/jaxb-impl/2.3.0/jaxb-impl-2.3.0.jar:/home/c00ler/.m2/repository/javax/activation/activation/1.1.1/activation-1.1.1.jar:/home/c00ler/.m2/repository/org/hibernate/hibernate-entitymanager/4.3.5.Final/hibernate-entitymanager-4.3.5.Final.jar:/home/c00ler/.m2/repository/org/jboss/logging/jboss-logging/3.1.3.GA/jboss-logging-3.1.3.GA.jar:/home/c00ler/.m2/repository/org/jboss/logging/jboss-logging-annotations/1.2.0.Beta1/jboss-logging-annotations-1.2.0.Beta1.jar:/home/c00ler/.m2/repository/dom4j/dom4j/1.6.1/dom4j-1.6.1.jar:/home/c00ler/.m2/repository/xml-apis/xml-apis/1.0.b2/xml-apis-1.0.b2.jar:/home/c00ler/.m2/repository/org/hibernate/common/hibernate-commons-annotations/4.0.4.Final/hibernate-commons-annotations-4.0.4.Final.jar:/home/c00ler/.m2/repository/org/hibernate/javax/persistence/hibernate-jpa-2.1-api/1.0.0.Final/hibernate-jpa-2.1-api-1.0.0.Final.jar:/home/c00ler/.m2/repository/org/jboss/spec/javax/transaction/jboss-transaction-api_1.2_spec/1.0.0.Final/jboss-transaction-api_1.2_spec-1.0.0.Final.jar:/home/c00ler/.m2/repository/org/javassist/javassist/3.18.1-GA/javassist-3.18.1-GA.jar:/home/c00ler/.m2/repository/org/hibernate/hibernate-core/4.3.5.Final/hibernate-core-4.3.5.Final.jar:/home/c00ler/.m2/repository/antlr/antlr/2.7.7/antlr-2.7.7.jar:/home/c00ler/.m2/repository/org/jboss/jandex/1.1.0.Final/jandex-1.1.0.Final.jar:/home/c00ler/.m2/repository/org/hibernate/hibernate-validator/5.2.0.Final/hibernate-validator-5.2.0.Final.jar:/home/c00ler/.m2/repository/javax/validation/validation-api/1.1.0.Final/validation-api-1.1.0.Final.jar:/home/c00ler/.m2/repository/com/fasterxml/classmate/1.1.0/classmate-1.1.0.jar:/home/c00ler/.m2/repository/org/hibernate/common/hibernate-commons-annotations/4.0.2.Final/hibernate-commons-annotations-4.0.2.Final-tests.jar:/home/c00ler/.m2/repository/org/hibernate/javax/persistence/hibernate-jpa-2.0-api/1.0.1.Final/hibernate-jpa-2.0-api-1.0.1.Final.jar:/home/c00ler/.m2/repository/com/google/guava/guava/27.0.1-jre/guava-27.0.1-jre.jar:/home/c00ler/.m2/repository/com/google/guava/failureaccess/1.0.1/failureaccess-1.0.1.jar:/home/c00ler/.m2/repository/com/google/guava/listenablefuture/9999.0-empty-to-avoid-conflict-with-guava/listenablefuture-9999.0-empty-to-avoid-conflict-with-guava.jar:/home/c00ler/.m2/repository/com/google/code/findbugs/jsr305/3.0.2/jsr305-3.0.2.jar:/home/c00ler/.m2/repository/org/checkerframework/checker-qual/2.5.2/checker-qual-2.5.2.jar:/home/c00ler/.m2/repository/com/google/errorprone/error_prone_annotations/2.2.0/error_prone_annotations-2.2.0.jar:/home/c00ler/.m2/repository/com/google/j2objc/j2objc-annotations/1.1/j2objc-annotations-1.1.jar:/home/c00ler/.m2/repository/org/codehaus/mojo/animal-sniffer-annotations/1.17/animal-sniffer-annotations-1.17.jar:/home/c00ler/.m2/repository/org/postgresql/postgresql/42.1.1/postgresql-42.1.1.jar:"/>
    <property name="java.vm.vendor" value="Oracle Corporation"/>
    <property name="sun.arch.data.model" value="64"/>
    <property name="java.vendor.url" value="http://java.oracle.com/"/>
    <property name="user.timezone" value=""/>
    <property name="java.vm.specification.version" value="11"/>
    <property name="os.name" value="Linux"/>
    <property name="sun.java.launcher" value="SUN_STANDARD"/>
    <property name="user.country" value="US"/>
    <property name="sun.boot.library.path" value="/usr/lib/jvm/jdk-11.0.1/lib"/>
    <property name="sun.java.command" value="/home/c00ler/IdeaProjects/hibernateproject/target/surefire/surefirebooter5827956710069016144.jar /home/c00ler/IdeaProjects/hibernateproject/target/surefire 2018-12-12T00-40-58_605-jvmRun1 surefire13754199843693049131tmp surefire_02038432743387038437tmp"/>
    <property name="jdk.debug" value="release"/>
    <property name="surefire.test.class.path" value="/home/c00ler/IdeaProjects/hibernateproject/target/test-classes:/home/c00ler/IdeaProjects/hibernateproject/target/classes:/home/c00ler/.m2/repository/junit/junit/4.11/junit-4.11.jar:/home/c00ler/.m2/repository/org/hamcrest/hamcrest-core/1.3/hamcrest-core-1.3.jar:/home/c00ler/.m2/repository/joda-time/joda-time/2.10.1/joda-time-2.10.1.jar:/home/c00ler/.m2/repository/javax/xml/bind/jaxb-api/2.2.11/jaxb-api-2.2.11.jar:/home/c00ler/.m2/repository/com/sun/xml/bind/jaxb-core/2.2.11/jaxb-core-2.2.11.jar:/home/c00ler/.m2/repository/com/sun/xml/bind/jaxb-impl/2.3.0/jaxb-impl-2.3.0.jar:/home/c00ler/.m2/repository/javax/activation/activation/1.1.1/activation-1.1.1.jar:/home/c00ler/.m2/repository/org/hibernate/hibernate-entitymanager/4.3.5.Final/hibernate-entitymanager-4.3.5.Final.jar:/home/c00ler/.m2/repository/org/jboss/logging/jboss-logging/3.1.3.GA/jboss-logging-3.1.3.GA.jar:/home/c00ler/.m2/repository/org/jboss/logging/jboss-logging-annotations/1.2.0.Beta1/jboss-logging-annotations-1.2.0.Beta1.jar:/home/c00ler/.m2/repository/dom4j/dom4j/1.6.1/dom4j-1.6.1.jar:/home/c00ler/.m2/repository/xml-apis/xml-apis/1.0.b2/xml-apis-1.0.b2.jar:/home/c00ler/.m2/repository/org/hibernate/common/hibernate-commons-annotations/4.0.4.Final/hibernate-commons-annotations-4.0.4.Final.jar:/home/c00ler/.m2/repository/org/hibernate/javax/persistence/hibernate-jpa-2.1-api/1.0.0.Final/hibernate-jpa-2.1-api-1.0.0.Final.jar:/home/c00ler/.m2/repository/org/jboss/spec/javax/transaction/jboss-transaction-api_1.2_spec/1.0.0.Final/jboss-transaction-api_1.2_spec-1.0.0.Final.jar:/home/c00ler/.m2/repository/org/javassist/javassist/3.18.1-GA/javassist-3.18.1-GA.jar:/home/c00ler/.m2/repository/org/hibernate/hibernate-core/4.3.5.Final/hibernate-core-4.3.5.Final.jar:/home/c00ler/.m2/repository/antlr/antlr/2.7.7/antlr-2.7.7.jar:/home/c00ler/.m2/repository/org/jboss/jandex/1.1.0.Final/jandex-1.1.0.Final.jar:/home/c00ler/.m2/repository/org/hibernate/hibernate-validator/5.2.0.Final/hibernate-validator-5.2.0.Final.jar:/home/c00ler/.m2/repository/javax/validation/validation-api/1.1.0.Final/validation-api-1.1.0.Final.jar:/home/c00ler/.m2/repository/com/fasterxml/classmate/1.1.0/classmate-1.1.0.jar:/home/c00ler/.m2/repository/org/hibernate/common/hibernate-commons-annotations/4.0.2.Final/hibernate-commons-annotations-4.0.2.Final-tests.jar:/home/c00ler/.m2/repository/org/hibernate/javax/persistence/hibernate-jpa-2.0-api/1.0.1.Final/hibernate-jpa-2.0-api-1.0.1.Final.jar:/home/c00ler/.m2/repository/com/google/guava/guava/27.0.1-jre/guava-27.0.1-jre.jar:/home/c00ler/.m2/repository/com/google/guava/failureaccess/1.0.1/failureaccess-1.0.1.jar:/home/c00ler/.m2/repository/com/google/guava/listenablefuture/9999.0-empty-to-avoid-conflict-with-guava/listenablefuture-9999.0-empty-to-avoid-conflict-with-guava.jar:/home/c00ler/.m2/repository/com/google/code/findbugs/jsr305/3.0.2/jsr305-3.0.2.jar:/home/c00ler/.m2/repository/org/checkerframework/checker-qual/2.5.2/checker-qual-2.5.2.jar:/home/c00ler/.m2/repository/com/google/errorprone/error_prone_annotations/2.2.0/error_prone_annotations-2.2.0.jar:/home/c00ler/.m2/repository/com/google/j2objc/j2objc-annotations/1.1/j2objc-annotations-1.1.jar:/home/c00ler/.m2/repository/org/codehaus/mojo/animal-sniffer-annotations/1.17/animal-sniffer-annotations-1.17.jar:/home/c00ler/.m2/repository/org/postgresql/postgresql/42.1.1/postgresql-42.1.1.jar:"/>
    <property name="sun.cpu.endian" value="little"/>
    <property name="user.home" value="/home/c00ler"/>
    <property name="user.language" value="en"/>
    <property name="java.specification.vendor" value="Oracle Corporation"/>
    <property name="java.version.date" value="2018-10-16"/>
    <property name="java.home" value="/usr/lib/jvm/jdk-11.0.1"/>
    <property name="file.separator" value="/"/>
    <property name="basedir" value="/home/c00ler/IdeaProjects/hibernateproject"/>
    <property name="java.vm.compressedOopsMode" value="32-bit"/>
    <property name="line.separator" value="&#10;"/>
    <property name="java.specification.name" value="Java Platform API Specification"/>
    <property name="java.vm.specification.vendor" value="Oracle Corporation"/>
    <property name="java.awt.graphicsenv" value="sun.awt.X11GraphicsEnvironment"/>
    <property name="surefire.real.class.path" value="/home/c00ler/IdeaProjects/hibernateproject/target/surefire/surefirebooter5827956710069016144.jar"/>
    <property name="sun.management.compiler" value="HotSpot 64-Bit Tiered Compilers"/>
    <property name="java.runtime.version" value="11.0.1+13"/>
    <property name="user.name" value="c00ler"/>
    <property name="path.separator" value=":"/>
    <property name="os.version" value="4.15.0-42-generic"/>
    <property name="java.runtime.name" value="OpenJDK Runtime Environment"/>
    <property name="file.encoding" value="UTF-8"/>
    <property name="java.vm.name" value="OpenJDK 64-Bit Server VM"/>
    <property name="java.vendor.version" value="18.9"/>
    <property name="localRepository" value="/home/c00ler/.m2/repository"/>
    <property name="java.vendor.url.bug" value="http://bugreport.java.com/bugreport/"/>
    <property name="java.io.tmpdir" value="/tmp"/>
    <property name="idea.version" value="2018.3.1"/>
    <property name="java.version" value="11.0.1"/>
    <property name="user.dir" value="/home/c00ler/IdeaProjects/hibernateproject"/>
    <property name="os.arch" value="amd64"/>
    <property name="java.vm.specification.name" value="Java Virtual Machine Specification"/>
    <property name="java.awt.printerjob" value="sun.print.PSPrinterJob"/>
    <property name="sun.os.patch.level" value="unknown"/>
    <property name="java.library.path" value="/usr/java/packages/lib:/usr/lib64:/lib64:/lib:/usr/lib"/>
    <property name="java.vendor" value="Oracle Corporation"/>
    <property name="java.vm.info" value="mixed mode"/>
    <property name="java.vm.version" value="11.0.1+13"/>
    <property name="sun.io.unicode.encoding" value="UnicodeLittle"/>
    <property name="java.class.version" value="55.0"/>
  </properties>
  <testcase name="shouldAnswerWithTrue" classname="com.mycompany.hibernateproject.AppTest" time="0.002"/>
</testsuite>